Using pre-set license

 COMMAND LINE ARGUMENTS:
/Applications/Unity/Hub/Editor/2020.3.12f1/Unity.app/Contents/MacOS/Unity
-adb2
-batchMode
-noUpm
-name
AssetImportWorker0
-projectPath
/Volumes/Macintosh HD - Data/Techacademy/Sasuke
-logFile
Logs/AssetImportWorker0.log
-srvPort
52044
Successfully changed project path to: /Volumes/Macintosh HD - Data/Techacademy/Sasuke
/Volumes/Macintosh HD - Data/Techacademy/Sasuke
Using Asset Import Pipeline V2.
Refreshing native plugins compatible for Editor in 37.98 ms, found 4 plugins.
Preloading 0 native plugins for Editor in 0.00 ms.
Initialize engine version: 2020.3.12f1 (b3b2c6512326)
[Subsystems] Discovering subsystems at path /Applications/Unity/Hub/Editor/2020.3.12f1/Unity.app/Contents/Resources/UnitySubsystems
[Subsystems] Discovering subsystems at path /Volumes/Macintosh HD - Data/Techacademy/Sasuke/Assets
GfxDevice: creating device client; threaded=0
2022-01-23 14:08:10.722 Unity[1896:88016] Color LCD preferred device: AMD Radeon Pro 560X (high power)
2022-01-23 14:08:10.722 Unity[1896:88016] Metal devices available: 2
2022-01-23 14:08:10.722 Unity[1896:88016] 0: AMD Radeon Pro 560X (high power)
2022-01-23 14:08:10.722 Unity[1896:88016] 1: Intel(R) UHD Graphics 630 (low power)
2022-01-23 14:08:10.723 Unity[1896:88016] Using device AMD Radeon Pro 560X (high power)
Initializing Metal device caps: AMD Radeon Pro 560X
Initialize mono
Mono path[0] = '/Applications/Unity/Hub/Editor/2020.3.12f1/Unity.app/Contents/Managed'
Mono path[1] = '/Applications/Unity/Hub/Editor/2020.3.12f1/Unity.app/Contents/MonoBleedingEdge/lib/mono/unityjit'
Mono config path = '/Applications/Unity/Hub/Editor/2020.3.12f1/Unity.app/Contents/MonoBleedingEdge/etc'
Using monoOptions --debugger-agent=transport=dt_socket,embedding=1,server=y,suspend=n,address=127.0.0.1:56896
Begin MonoManager ReloadAssembly
Registering precompiled unity dll's ...
Register platform support module: /Applications/Unity/Hub/Editor/2020.3.12f1/PlaybackEngines/WebGLSupport/UnityEditor.WebGL.Extensions.dll
Register platform support module: /Applications/Unity/Hub/Editor/2020.3.12f1/Unity.app/Contents/PlaybackEngines/MacStandaloneSupport/UnityEditor.OSXStandalone.Extensions.dll
Registered in 0.000382 seconds.
Native extension for OSXStandalone target not found
Native extension for WebGL target not found
Refreshing native plugins compatible for Editor in 38.16 ms, found 4 plugins.
Preloading 0 native plugins for Editor in 0.00 ms.
Mono: successfully reloaded assembly
- Completed reload, in  1.938 seconds
Platform modules already initialized, skipping
Registering precompiled user dll's ...
Registered in 0.000996 seconds.
Begin MonoManager ReloadAssembly
Native extension for OSXStandalone target not found
Native extension for WebGL target not found
Refreshing native plugins compatible for Editor in 0.40 ms, found 4 plugins.
Preloading 0 native plugins for Editor in 0.00 ms.
Mono: successfully reloaded assembly
- Completed reload, in  1.060 seconds
Platform modules already initialized, skipping
========================================================================
Worker process is ready to serve import requests
Launching external process: /Applications/Unity/Hub/Editor/2020.3.12f1/Unity.app/Contents/Tools/UnityShaderCompiler
Launched and connected shader compiler UnityShaderCompiler after 0.01 seconds
Refreshing native plugins compatible for Editor in 0.42 ms, found 4 plugins.
Preloading 0 native plugins for Editor in 0.00 ms.
Unloading 2049 Unused Serialized files (Serialized files now loaded: 0)
System memory in use before: 225.3 MB.
System memory in use after: 212.5 MB.

Unloading 108 unused Assets to reduce memory usage. Loaded Objects now: 2424.
Total: 13.414167 ms (FindLiveObjects: 0.214409 ms CreateObjectMapping: 0.070430 ms MarkObjects: 2.013314 ms  DeleteObjects: 11.114979 ms)

AssetImportParameters requested are different than current active one (requested -> active):
  custom:video-decoder-ogg-theora: a1e56fd34408186e4bbccfd4996cb3dc -> 
  custom:container-muxer-webm: aa71ff27fc2769a1b78a27578f13a17b -> 
  custom:container-demuxer-webm: 4f35f7cbe854078d1ac9338744f61a02 -> 
  custom:container-demuxer-ogg: 62fdf1f143b41e24485cea50d1cbac27 -> 
  custom:video-encoder-webm-vp8: eb34c28f22e8b96e1ab97ce403110664 -> 
  custom:framework-osx-AVFoundation: b23960f63f64bdc6ff669e2cdcee2391 -> 
  custom:video-decoder-webm-vp8: 9c59270c3fd7afecdb556c50c9e8de78 -> 
  custom:audio-decoder-ogg-vorbis: bf7c407c2cedff20999df2af8eb42d56 -> 
  custom:audio-encoder-webm-vorbis: bf7c407c2cedff20999df2af8eb42d56 -> 
========================================================================
Received Import Request.
  path: Assets/SD_unitychan
  artifactKey: Guid(9a66aa979c406432a90ed6ea59c328d1) Importer(815301076,1909f56bfc062723c751e8b465ee728b)
Start importing Assets/SD_unitychan using Guid(9a66aa979c406432a90ed6ea59c328d1) Importer(815301076,1909f56bfc062723c751e8b465ee728b)  -> (artifact id: '91f22c87e41eb696a1eb946f07a78ee3') in 0.004537 seconds 
  Import took 0.007819 seconds .

========================================================================
Received Import Request.
  Time since last request: 17.440122 seconds.
  path: Assets/SD_unitychan/Models
  artifactKey: Guid(ce5dbc604fdbae54ca9eff44dfbc9992) Importer(815301076,1909f56bfc062723c751e8b465ee728b)
Start importing Assets/SD_unitychan/Models using Guid(ce5dbc604fdbae54ca9eff44dfbc9992) Importer(815301076,1909f56bfc062723c751e8b465ee728b)  -> (artifact id: 'aaf52f14b60b4fcecdf2f81e9f3539e3') in 0.001020 seconds 
  Import took 0.004500 seconds .

========================================================================
Received Import Request.
  Time since last request: 0.004274 seconds.
  path: Assets/SD_unitychan/Models
  artifactKey: Guid(ce5dbc604fdbae54ca9eff44dfbc9992) Importer(815301076,1909f56bfc062723c751e8b465ee728b)
Start importing Assets/SD_unitychan/Models using Guid(ce5dbc604fdbae54ca9eff44dfbc9992) Importer(815301076,1909f56bfc062723c751e8b465ee728b)  -> (artifact id: 'aaf52f14b60b4fcecdf2f81e9f3539e3') in 0.000727 seconds 
  Import took 0.003527 seconds .

========================================================================
Received Import Request.
  Time since last request: 1.699579 seconds.
  path: Assets/SD_unitychan/Models/SD_unitychan_humanoid.fbx
  artifactKey: Guid(dd6ec75974b69a3409711f8110698bbb) Importer(815301076,1909f56bfc062723c751e8b465ee728b)
Start importing Assets/SD_unitychan/Models/SD_unitychan_humanoid.fbx using Guid(dd6ec75974b69a3409711f8110698bbb) Importer(815301076,1909f56bfc062723c751e8b465ee728b)  -> (artifact id: '9348b5751a4b6a1f8ac07f435a9d0525') in 0.321110 seconds 
  Import took 0.324595 seconds .

========================================================================
Received Import Request.
  Time since last request: 0.221781 seconds.
  path: Assets/SD_unitychan/Models/SD_unitychan_generic.fbx
  artifactKey: Guid(29032ffe50eebbd41b9e5c4017762813) Importer(815301076,1909f56bfc062723c751e8b465ee728b)
Start importing Assets/SD_unitychan/Models/SD_unitychan_generic.fbx using Guid(29032ffe50eebbd41b9e5c4017762813) Importer(815301076,1909f56bfc062723c751e8b465ee728b)  -> (artifact id: '1829686bb55d0f804308a13fffb3f82c') in 0.075704 seconds 
  Import took 0.079087 seconds .

========================================================================
Received Import Request.
  Time since last request: 2.319872 seconds.
  path: Assets/SD_unitychan/Models/Textures
  artifactKey: Guid(48697dc906ceeab439135622b7d7e944) Importer(815301076,1909f56bfc062723c751e8b465ee728b)
Start importing Assets/SD_unitychan/Models/Textures using Guid(48697dc906ceeab439135622b7d7e944) Importer(815301076,1909f56bfc062723c751e8b465ee728b)  -> (artifact id: '4fa59cff32fdf987d1f7009e71db452b') in 0.000879 seconds 
  Import took 0.004329 seconds .

========================================================================
Received Import Request.
  Time since last request: 16.403014 seconds.
  path: Assets/SD_unitychan/Prefabs
  artifactKey: Guid(90775f57ce581c94995f66790f9b428f) Importer(815301076,1909f56bfc062723c751e8b465ee728b)
Start importing Assets/SD_unitychan/Prefabs using Guid(90775f57ce581c94995f66790f9b428f) Importer(815301076,1909f56bfc062723c751e8b465ee728b)  -> (artifact id: '31fd58935e22620755e0221a09148aec') in 0.000989 seconds 
  Import took 0.004487 seconds .

========================================================================
Received Import Request.
  Time since last request: 4.439604 seconds.
  path: Assets/SD_unitychan/FaceAnimations
  artifactKey: Guid(5b1c87a3b91d3414ca85dca100de04ed) Importer(815301076,1909f56bfc062723c751e8b465ee728b)
Start importing Assets/SD_unitychan/FaceAnimations using Guid(5b1c87a3b91d3414ca85dca100de04ed) Importer(815301076,1909f56bfc062723c751e8b465ee728b)  -> (artifact id: '57df556c1763bfc696cb3ddf4135b317') in 0.000935 seconds 
  Import took 0.003978 seconds .

========================================================================
Received Import Request.
  Time since last request: 3.307532 seconds.
  path: Assets/SD_unitychan/FaceAnimations/_faceOnly.mask
  artifactKey: Guid(2d4e0e0d2eda147be851af6d686de166) Importer(815301076,1909f56bfc062723c751e8b465ee728b)
Start importing Assets/SD_unitychan/FaceAnimations/_faceOnly.mask using Guid(2d4e0e0d2eda147be851af6d686de166) Importer(815301076,1909f56bfc062723c751e8b465ee728b)  -> (artifact id: '04cd21123170cdf6af3743edc4bd7709') in 0.147032 seconds 
  Import took 0.150984 seconds .

========================================================================
Received Import Request.
  Time since last request: 5.390596 seconds.
  path: Assets/SD_unitychan/FaceAnimations/Generic
  artifactKey: Guid(cebe7ff9894836c4db0c2965ce04a1fd) Importer(815301076,1909f56bfc062723c751e8b465ee728b)
Start importing Assets/SD_unitychan/FaceAnimations/Generic using Guid(cebe7ff9894836c4db0c2965ce04a1fd) Importer(815301076,1909f56bfc062723c751e8b465ee728b)  -> (artifact id: '316fd661480630c524ee925c72cf8e63') in 0.000802 seconds 
  Import took 0.003794 seconds .

========================================================================
Received Import Request.
  Time since last request: 0.790393 seconds.
  path: Assets/SD_unitychan/FaceAnimations/Humanoid
  artifactKey: Guid(2c57263c8486a4f4c804707428e0cfba) Importer(815301076,1909f56bfc062723c751e8b465ee728b)
Start importing Assets/SD_unitychan/FaceAnimations/Humanoid using Guid(2c57263c8486a4f4c804707428e0cfba) Importer(815301076,1909f56bfc062723c751e8b465ee728b)  -> (artifact id: '3112a7679208774077ea73f082c7c2c9') in 0.001309 seconds 
  Import took 0.004412 seconds .

========================================================================
Received Import Request.
  Time since last request: 6.532315 seconds.
  path: Assets/SD_unitychan/FaceAnimations/Humanoid/mth_o@sd_hmd.anim
  artifactKey: Guid(24f6fd9f7d6e14b429858f4d017e7195) Importer(815301076,1909f56bfc062723c751e8b465ee728b)
Start importing Assets/SD_unitychan/FaceAnimations/Humanoid/mth_o@sd_hmd.anim using Guid(24f6fd9f7d6e14b429858f4d017e7195) Importer(815301076,1909f56bfc062723c751e8b465ee728b)  -> (artifact id: '97244758ae4e1797828889425493073b') in 0.144525 seconds 
  Import took 0.147769 seconds .

========================================================================
Received Import Request.
  Time since last request: 28.460436 seconds.
  path: Assets/SD_unitychan/FaceAnimations/Humanoid/angry@sd_hmd.anim
  artifactKey: Guid(d022baae72960439ca9bc35168cde644) Importer(815301076,1909f56bfc062723c751e8b465ee728b)
Start importing Assets/SD_unitychan/FaceAnimations/Humanoid/angry@sd_hmd.anim using Guid(d022baae72960439ca9bc35168cde644) Importer(815301076,1909f56bfc062723c751e8b465ee728b)  -> (artifact id: 'bdc0f9333a16668751a4cba3b1aae454') in 0.004118 seconds 
  Import took 0.007857 seconds .

========================================================================
Received Import Request.
  Time since last request: 0.447346 seconds.
  path: Assets/SD_unitychan/FaceAnimations/Humanoid/damaged@sd_hmd.anim
  artifactKey: Guid(052052524e8fd4e47b75db0131b4b118) Importer(815301076,1909f56bfc062723c751e8b465ee728b)
Start importing Assets/SD_unitychan/FaceAnimations/Humanoid/damaged@sd_hmd.anim using Guid(052052524e8fd4e47b75db0131b4b118) Importer(815301076,1909f56bfc062723c751e8b465ee728b)  -> (artifact id: 'f7885f90f6ac7ff91ca82d15a2165e4c') in 0.004657 seconds 
  Import took 0.008733 seconds .

========================================================================
Received Import Request.
  Time since last request: 0.003683 seconds.
  path: Assets/SD_unitychan/FaceAnimations/Humanoid/damaged@sd_hmd.anim
  artifactKey: Guid(052052524e8fd4e47b75db0131b4b118) Importer(815301076,1909f56bfc062723c751e8b465ee728b)
Start importing Assets/SD_unitychan/FaceAnimations/Humanoid/damaged@sd_hmd.anim using Guid(052052524e8fd4e47b75db0131b4b118) Importer(815301076,1909f56bfc062723c751e8b465ee728b)  -> (artifact id: 'f7885f90f6ac7ff91ca82d15a2165e4c') in 0.003666 seconds 
  Import took 0.006285 seconds .

========================================================================
Received Import Request.
  Time since last request: 0.535345 seconds.
  path: Assets/SD_unitychan/FaceAnimations/Humanoid/confuse@sd_hmd.anim
  artifactKey: Guid(7fb84b7bbc6fe402a8a888ea10646789) Importer(815301076,1909f56bfc062723c751e8b465ee728b)
Start importing Assets/SD_unitychan/FaceAnimations/Humanoid/confuse@sd_hmd.anim using Guid(7fb84b7bbc6fe402a8a888ea10646789) Importer(815301076,1909f56bfc062723c751e8b465ee728b)  -> (artifact id: '79f6ec317c09449f9be970ca6d4a538e') in 0.004030 seconds 
  Import took 0.007925 seconds .

========================================================================
Received Import Request.
  Time since last request: 1.654089 seconds.
  path: Assets/SD_unitychan/FaceAnimations/Humanoid/smile@sd_hmd.anim
  artifactKey: Guid(cec97cfaae8c7454f9e3fb92ebf3b337) Importer(815301076,1909f56bfc062723c751e8b465ee728b)
Start importing Assets/SD_unitychan/FaceAnimations/Humanoid/smile@sd_hmd.anim using Guid(cec97cfaae8c7454f9e3fb92ebf3b337) Importer(815301076,1909f56bfc062723c751e8b465ee728b)  -> (artifact id: '9a73b0f352f10c289790ed28b1709972') in 0.004620 seconds 
  Import took 0.008139 seconds .

========================================================================
Received Import Request.
  Time since last request: 0.003720 seconds.
  path: Assets/SD_unitychan/FaceAnimations/Humanoid/smile@sd_hmd.anim
  artifactKey: Guid(cec97cfaae8c7454f9e3fb92ebf3b337) Importer(815301076,1909f56bfc062723c751e8b465ee728b)
Start importing Assets/SD_unitychan/FaceAnimations/Humanoid/smile@sd_hmd.anim using Guid(cec97cfaae8c7454f9e3fb92ebf3b337) Importer(815301076,1909f56bfc062723c751e8b465ee728b)  -> (artifact id: '9a73b0f352f10c289790ed28b1709972') in 0.003567 seconds 
  Import took 0.006344 seconds .

========================================================================
Received Import Request.
  Time since last request: 0.455635 seconds.
  path: Assets/SD_unitychan/FaceAnimations/Humanoid/strain@sd_hmd.anim
  artifactKey: Guid(e996ba46f070c4ec9b73996777f95a10) Importer(815301076,1909f56bfc062723c751e8b465ee728b)
Start importing Assets/SD_unitychan/FaceAnimations/Humanoid/strain@sd_hmd.anim using Guid(e996ba46f070c4ec9b73996777f95a10) Importer(815301076,1909f56bfc062723c751e8b465ee728b)  -> (artifact id: 'd591d87bde788f01841f16d34962d508') in 0.004201 seconds 
  Import took 0.008020 seconds .

========================================================================
Received Import Request.
  Time since last request: 1.128214 seconds.
  path: Assets/SD_unitychan/FaceAnimations/Humanoid/surprise@sd_hmd.anim
  artifactKey: Guid(4b7c62bb2e05c47c5afd5486e2eceaf6) Importer(815301076,1909f56bfc062723c751e8b465ee728b)
Start importing Assets/SD_unitychan/FaceAnimations/Humanoid/surprise@sd_hmd.anim using Guid(4b7c62bb2e05c47c5afd5486e2eceaf6) Importer(815301076,1909f56bfc062723c751e8b465ee728b)  -> (artifact id: '59650e70ca8e6ec544fcb7cd8f458141') in 0.005059 seconds 
  Import took 0.008567 seconds .

========================================================================
Received Prepare
Registering precompiled user dll's ...
Registered in 0.001122 seconds.
Begin MonoManager ReloadAssembly
Native extension for OSXStandalone target not found
Native extension for WebGL target not found
Refreshing native plugins compatible for Editor in 0.44 ms, found 4 plugins.
Preloading 0 native plugins for Editor in 0.00 ms.
Mono: successfully reloaded assembly
- Completed reload, in  1.062 seconds
Platform modules already initialized, skipping
Refreshing native plugins compatible for Editor in 0.42 ms, found 4 plugins.
Preloading 0 native plugins for Editor in 0.00 ms.
Unloading 1973 Unused Serialized files (Serialized files now loaded: 0)
System memory in use before: 249.1 MB.
System memory in use after: 236.3 MB.

Unloading 100 unused Assets to reduce memory usage. Loaded Objects now: 2436.
Total: 13.166267 ms (FindLiveObjects: 0.188255 ms CreateObjectMapping: 0.072450 ms MarkObjects: 1.543335 ms  DeleteObjects: 11.361469 ms)

AssetImportParameters requested are different than current active one (requested -> active):
  custom:video-decoder-ogg-theora: a1e56fd34408186e4bbccfd4996cb3dc -> 
  custom:container-muxer-webm: aa71ff27fc2769a1b78a27578f13a17b -> 
  custom:container-demuxer-webm: 4f35f7cbe854078d1ac9338744f61a02 -> 
  custom:container-demuxer-ogg: 62fdf1f143b41e24485cea50d1cbac27 -> 
  custom:video-encoder-webm-vp8: eb34c28f22e8b96e1ab97ce403110664 -> 
  custom:framework-osx-AVFoundation: b23960f63f64bdc6ff669e2cdcee2391 -> 
  custom:video-decoder-webm-vp8: 9c59270c3fd7afecdb556c50c9e8de78 -> 
  custom:audio-decoder-ogg-vorbis: bf7c407c2cedff20999df2af8eb42d56 -> 
  custom:audio-encoder-webm-vorbis: bf7c407c2cedff20999df2af8eb42d56 -> 
========================================================================
Received Prepare
Registering precompiled user dll's ...
Registered in 0.001155 seconds.
Begin MonoManager ReloadAssembly
Native extension for OSXStandalone target not found
Native extension for WebGL target not found
Refreshing native plugins compatible for Editor in 0.47 ms, found 4 plugins.
Preloading 0 native plugins for Editor in 0.00 ms.
Mono: successfully reloaded assembly
- Completed reload, in  1.027 seconds
Platform modules already initialized, skipping
Refreshing native plugins compatible for Editor in 0.41 ms, found 4 plugins.
Preloading 0 native plugins for Editor in 0.00 ms.
Unloading 1973 Unused Serialized files (Serialized files now loaded: 0)
System memory in use before: 249.4 MB.
System memory in use after: 236.6 MB.

Unloading 99 unused Assets to reduce memory usage. Loaded Objects now: 2438.
Total: 12.760201 ms (FindLiveObjects: 0.171272 ms CreateObjectMapping: 0.054104 ms MarkObjects: 1.506295 ms  DeleteObjects: 11.027918 ms)

AssetImportParameters requested are different than current active one (requested -> active):
  custom:video-decoder-ogg-theora: a1e56fd34408186e4bbccfd4996cb3dc -> 
  custom:container-muxer-webm: aa71ff27fc2769a1b78a27578f13a17b -> 
  custom:container-demuxer-webm: 4f35f7cbe854078d1ac9338744f61a02 -> 
  custom:container-demuxer-ogg: 62fdf1f143b41e24485cea50d1cbac27 -> 
  custom:video-encoder-webm-vp8: eb34c28f22e8b96e1ab97ce403110664 -> 
  custom:framework-osx-AVFoundation: b23960f63f64bdc6ff669e2cdcee2391 -> 
  custom:video-decoder-webm-vp8: 9c59270c3fd7afecdb556c50c9e8de78 -> 
  custom:audio-decoder-ogg-vorbis: bf7c407c2cedff20999df2af8eb42d56 -> 
  custom:audio-encoder-webm-vorbis: bf7c407c2cedff20999df2af8eb42d56 -> 
========================================================================
Received Prepare
Registering precompiled user dll's ...
Registered in 0.001749 seconds.
Begin MonoManager ReloadAssembly
Native extension for OSXStandalone target not found
Native extension for WebGL target not found
Refreshing native plugins compatible for Editor in 0.43 ms, found 4 plugins.
Preloading 0 native plugins for Editor in 0.00 ms.
Mono: successfully reloaded assembly
- Completed reload, in  1.068 seconds
Platform modules already initialized, skipping
Refreshing native plugins compatible for Editor in 0.41 ms, found 4 plugins.
Preloading 0 native plugins for Editor in 0.00 ms.
Unloading 1973 Unused Serialized files (Serialized files now loaded: 0)
System memory in use before: 249.6 MB.
System memory in use after: 236.9 MB.

Unloading 99 unused Assets to reduce memory usage. Loaded Objects now: 2440.
Total: 12.884846 ms (FindLiveObjects: 0.172789 ms CreateObjectMapping: 0.054638 ms MarkObjects: 1.509574 ms  DeleteObjects: 11.147199 ms)

AssetImportParameters requested are different than current active one (requested -> active):
  custom:video-decoder-ogg-theora: a1e56fd34408186e4bbccfd4996cb3dc -> 
  custom:container-muxer-webm: aa71ff27fc2769a1b78a27578f13a17b -> 
  custom:container-demuxer-webm: 4f35f7cbe854078d1ac9338744f61a02 -> 
  custom:container-demuxer-ogg: 62fdf1f143b41e24485cea50d1cbac27 -> 
  custom:video-encoder-webm-vp8: eb34c28f22e8b96e1ab97ce403110664 -> 
  custom:framework-osx-AVFoundation: b23960f63f64bdc6ff669e2cdcee2391 -> 
  custom:video-decoder-webm-vp8: 9c59270c3fd7afecdb556c50c9e8de78 -> 
  custom:audio-decoder-ogg-vorbis: bf7c407c2cedff20999df2af8eb42d56 -> 
  custom:audio-encoder-webm-vorbis: bf7c407c2cedff20999df2af8eb42d56 -> 
========================================================================
Received Import Request.
  Time since last request: 598.989706 seconds.
  path: Assets/Scripts/UnityChanController2.cs
  artifactKey: Guid(97f0cb6bdd0f442fb9baa820a9030846) Importer(815301076,1909f56bfc062723c751e8b465ee728b)
Start importing Assets/Scripts/UnityChanController2.cs using Guid(97f0cb6bdd0f442fb9baa820a9030846) Importer(815301076,1909f56bfc062723c751e8b465ee728b)  -> (artifact id: 'eb8cd0bbac65cd86461fbcf59834c798') in 0.177193 seconds 
  Import took 0.180840 seconds .

========================================================================
Received Prepare
Registering precompiled user dll's ...
Registered in 0.001136 seconds.
Begin MonoManager ReloadAssembly
Native extension for OSXStandalone target not found
Native extension for WebGL target not found
Refreshing native plugins compatible for Editor in 0.41 ms, found 4 plugins.
Preloading 0 native plugins for Editor in 0.00 ms.
Mono: successfully reloaded assembly
- Completed reload, in  0.988 seconds
Platform modules already initialized, skipping
Refreshing native plugins compatible for Editor in 0.39 ms, found 4 plugins.
Preloading 0 native plugins for Editor in 0.00 ms.
Unloading 1973 Unused Serialized files (Serialized files now loaded: 0)
System memory in use before: 254.3 MB.
System memory in use after: 241.4 MB.

Unloading 99 unused Assets to reduce memory usage. Loaded Objects now: 2442.
Total: 12.265080 ms (FindLiveObjects: 0.179588 ms CreateObjectMapping: 0.056447 ms MarkObjects: 1.506929 ms  DeleteObjects: 10.521458 ms)

AssetImportParameters requested are different than current active one (requested -> active):
  custom:video-decoder-ogg-theora: a1e56fd34408186e4bbccfd4996cb3dc -> 
  custom:container-muxer-webm: aa71ff27fc2769a1b78a27578f13a17b -> 
  custom:container-demuxer-webm: 4f35f7cbe854078d1ac9338744f61a02 -> 
  custom:container-demuxer-ogg: 62fdf1f143b41e24485cea50d1cbac27 -> 
  custom:video-encoder-webm-vp8: eb34c28f22e8b96e1ab97ce403110664 -> 
  custom:framework-osx-AVFoundation: b23960f63f64bdc6ff669e2cdcee2391 -> 
  custom:video-decoder-webm-vp8: 9c59270c3fd7afecdb556c50c9e8de78 -> 
  custom:audio-decoder-ogg-vorbis: bf7c407c2cedff20999df2af8eb42d56 -> 
  custom:audio-encoder-webm-vorbis: bf7c407c2cedff20999df2af8eb42d56 -> 
========================================================================
Received Prepare
Registering precompiled user dll's ...
Registered in 0.001182 seconds.
Begin MonoManager ReloadAssembly
Native extension for OSXStandalone target not found
Native extension for WebGL target not found
Refreshing native plugins compatible for Editor in 0.40 ms, found 4 plugins.
Preloading 0 native plugins for Editor in 0.00 ms.
Mono: successfully reloaded assembly
- Completed reload, in  0.966 seconds
Platform modules already initialized, skipping
Refreshing native plugins compatible for Editor in 0.40 ms, found 4 plugins.
Preloading 0 native plugins for Editor in 0.00 ms.
Unloading 1973 Unused Serialized files (Serialized files now loaded: 0)
System memory in use before: 254.3 MB.
System memory in use after: 241.5 MB.

Unloading 99 unused Assets to reduce memory usage. Loaded Objects now: 2444.
Total: 13.380388 ms (FindLiveObjects: 0.169908 ms CreateObjectMapping: 0.053655 ms MarkObjects: 1.552570 ms  DeleteObjects: 11.603598 ms)

AssetImportParameters requested are different than current active one (requested -> active):
  custom:video-decoder-ogg-theora: a1e56fd34408186e4bbccfd4996cb3dc -> 
  custom:container-muxer-webm: aa71ff27fc2769a1b78a27578f13a17b -> 
  custom:container-demuxer-webm: 4f35f7cbe854078d1ac9338744f61a02 -> 
  custom:container-demuxer-ogg: 62fdf1f143b41e24485cea50d1cbac27 -> 
  custom:video-encoder-webm-vp8: eb34c28f22e8b96e1ab97ce403110664 -> 
  custom:framework-osx-AVFoundation: b23960f63f64bdc6ff669e2cdcee2391 -> 
  custom:video-decoder-webm-vp8: 9c59270c3fd7afecdb556c50c9e8de78 -> 
  custom:audio-decoder-ogg-vorbis: bf7c407c2cedff20999df2af8eb42d56 -> 
  custom:audio-encoder-webm-vorbis: bf7c407c2cedff20999df2af8eb42d56 -> 
AssetImportWorkerClient::OnTransportError - code=2 error=End of file
